<?xml version="1.0" encoding="UTF-8"?>
<!-- Generated by org.testng.reporters.JUnitXMLReporter -->
<testsuite hostname="itssc-yangsd" ignored="0" name="Command line test" tests="7" failures="1" timestamp="20 八月 2020 07:13:17 GMT" time="98.739" errors="0">
  <testcase name="@BeforeMethod setUp" time="0.0" classname="com.hright.test.AttendanceTest">
    <failure type="java.lang.IncompatibleClassChangeError" message="Expected static method com.hright.demo.Module.login(Lorg/openqa/selenium/WebDriver;Ljava/lang/String;Ljava/lang/String;)V">
      <![CDATA[java.lang.IncompatibleClassChangeError: Expected static method com.hright.demo.Module.login(Lorg/openqa/selenium/WebDriver;Ljava/lang/String;Ljava/lang/String;)V
	at com.hright.test.AttendanceTest.setUp(AttendanceTest.java:40)
... Removed 37 stack frames]]>
    </failure>
  </testcase> <!-- @BeforeMethod setUp -->
  <testcase name="@AfterMethod tearDown" time="0.0" classname="com.hright.test.AttendanceTest">
    <skipped/>
  </testcase> <!-- @AfterMethod tearDown -->
  <testcase name="@BeforeMethod setUp" time="0.0" classname="com.hright.test.AttendanceTest">
    <skipped/>
  </testcase> <!-- @BeforeMethod setUp -->
  <testcase name="@AfterMethod tearDown" time="0.0" classname="com.hright.test.AttendanceTest">
    <skipped/>
  </testcase> <!-- @AfterMethod tearDown -->
  <testcase name="@BeforeMethod setUp" time="0.0" classname="com.hright.test.RosterTest">
    <failure type="java.lang.IncompatibleClassChangeError" message="Expected static method com.hright.demo.Module.login(Lorg/openqa/selenium/WebDriver;Ljava/lang/String;Ljava/lang/String;)V">
      <![CDATA[java.lang.IncompatibleClassChangeError: Expected static method com.hright.demo.Module.login(Lorg/openqa/selenium/WebDriver;Ljava/lang/String;Ljava/lang/String;)V
	at com.hright.test.RosterTest.setUp(RosterTest.java:41)
... Removed 37 stack frames]]>
    </failure>
  </testcase> <!-- @BeforeMethod setUp -->
  <testcase name="@AfterMethod tearDown" time="0.0" classname="com.hright.test.RosterTest">
    <skipped/>
  </testcase> <!-- @AfterMethod tearDown -->
  <testcase name="@BeforeMethod setUp" time="0.0" classname="com.hright.test.RosterTest">
    <skipped/>
  </testcase> <!-- @BeforeMethod setUp -->
  <testcase name="@AfterMethod tearDown" time="0.0" classname="com.hright.test.RosterTest">
    <skipped/>
  </testcase> <!-- @AfterMethod tearDown -->
  <testcase name="@BeforeMethod setUp" time="0.0" classname="com.hright.test.RosterTest">
    <skipped/>
  </testcase> <!-- @BeforeMethod setUp -->
  <testcase name="@AfterMethod tearDown" time="0.0" classname="com.hright.test.RosterTest">
    <skipped/>
  </testcase> <!-- @AfterMethod tearDown -->
  <testcase name="selectLeave" time="0.0" classname="com.hright.test.AttendanceTest">
    <skipped/>
  </testcase> <!-- selectLeave -->
  <testcase name="selectOvertime" time="0.0" classname="com.hright.test.AttendanceTest">
    <skipped/>
  </testcase> <!-- selectOvertime -->
  <testcase name="VerifyBalance" time="21.792" classname="com.hright.test.LeaveBalanceTest">
    <failure type="org.openqa.selenium.NoSuchElementException" message="no such element: Unable to locate element: {&amp;quot;method&amp;quot;:&amp;quot;xpath&amp;quot;,&amp;quot;selector&amp;quot;:&amp;quot;//*[@id=&amp;quot;app&amp;quot;]/div[1]/div[2]/div/div/div/section/aside/div/ul/li[5]/ul/li[2]/a&amp;quot;}
  (Session info: chrome=84.0.4147.135)
  (Driver info: chromedriver=72.0.3626.7 (efcef9a3ecda02b2132af215116a03852d08b9cb),platform=Windows NT 10.0.18362 x86_64) (WARNING: The server did not provide any stacktrace information)
Command duration or timeout: 20.06 seconds
For documentation on this error, please visit: http://seleniumhq.org/exceptions/no_such_element.html
Build info: version: &amp;apos;3.0.1&amp;apos;, revision: &amp;apos;1969d75&amp;apos;, time: &amp;apos;2016-10-18 09:49:13 -0700&amp;apos;
System info: host: &amp;apos;itssc-yangsd&amp;apos;, ip: &amp;apos;192.168.0.105&amp;apos;, os.name: &amp;apos;Windows 10&amp;apos;, os.arch: &amp;apos;amd64&amp;apos;, os.version: &amp;apos;10.0&amp;apos;, java.version: &amp;apos;1.8.0_151&amp;apos;
Driver info: org.openqa.selenium.chrome.ChromeDriver
Capabilities [{mobileEmulationEnabled=false, timeouts={implicit=0, pageLoad=300000, script=30000}, hasTouchScreen=false, platform=XP, acceptSslCerts=false, goog:chromeOptions={debuggerAddress=localhost:52004}, acceptInsecureCerts=false, webStorageEnabled=true, browserName=chrome, takesScreenshot=true, javascriptEnabled=true, setWindowRect=true, unexpectedAlertBehaviour=ignore, applicationCacheEnabled=false, rotatable=false, networkConnectionEnabled=false, chrome={chromedriverVersion=72.0.3626.7 (efcef9a3ecda02b2132af215116a03852d08b9cb), userDataDir=C:\WINDOWS\TEMP\scoped_dir14376_6198}, takesHeapSnapshot=true, pageLoadStrategy=normal, databaseEnabled=false, handlesAlerts=true, version=84.0.4147.135, browserConnectionEnabled=false, proxy={}, nativeEvents=true, locationContextEnabled=true, cssSelectorsEnabled=true}]
Session ID: 69191d031268f1dca9e9ae19eb43acd7
*** Element info: {Using=xpath, value=//*[@id=&amp;quot;app&amp;quot;]/div[1]/div[2]/div/div/div/section/aside/div/ul/li[5]/ul/li[2]/a}">
      <![CDATA[org.openqa.selenium.NoSuchElementException: no such element: Unable to locate element: {"method":"xpath","selector":"//*[@id="app"]/div[1]/div[2]/div/div/div/section/aside/div/ul/li[5]/ul/li[2]/a"}
  (Session info: chrome=84.0.4147.135)
  (Driver info: chromedriver=72.0.3626.7 (efcef9a3ecda02b2132af215116a03852d08b9cb),platform=Windows NT 10.0.18362 x86_64) (WARNING: The server did not provide any stacktrace information)
Command duration or timeout: 20.06 seconds
For documentation on this error, please visit: http://seleniumhq.org/exceptions/no_such_element.html
Build info: version: '3.0.1', revision: '1969d75', time: '2016-10-18 09:49:13 -0700'
System info: host: 'itssc-yangsd', ip: '192.168.0.105', os.name: 'Windows 10', os.arch: 'amd64', os.version: '10.0', java.version: '1.8.0_151'
Driver info: org.openqa.selenium.chrome.ChromeDriver
Capabilities [{mobileEmulationEnabled=false, timeouts={implicit=0, pageLoad=300000, script=30000}, hasTouchScreen=false, platform=XP, acceptSslCerts=false, goog:chromeOptions={debuggerAddress=localhost:52004}, acceptInsecureCerts=false, webStorageEnabled=true, browserName=chrome, takesScreenshot=true, javascriptEnabled=true, setWindowRect=true, unexpectedAlertBehaviour=ignore, applicationCacheEnabled=false, rotatable=false, networkConnectionEnabled=false, chrome={chromedriverVersion=72.0.3626.7 (efcef9a3ecda02b2132af215116a03852d08b9cb), userDataDir=C:\WINDOWS\TEMP\scoped_dir14376_6198}, takesHeapSnapshot=true, pageLoadStrategy=normal, databaseEnabled=false, handlesAlerts=true, version=84.0.4147.135, browserConnectionEnabled=false, proxy={}, nativeEvents=true, locationContextEnabled=true, cssSelectorsEnabled=true}]
Session ID: 69191d031268f1dca9e9ae19eb43acd7
*** Element info: {Using=xpath, value=//*[@id="app"]/div[1]/div[2]/div/div/div/section/aside/div/ul/li[5]/ul/li[2]/a}
	at org.openqa.selenium.remote.ErrorHandler.createThrowable(ErrorHandler.java:216)
	at org.openqa.selenium.remote.ErrorHandler.throwIfResponseFailed(ErrorHandler.java:168)
	at org.openqa.selenium.remote.RemoteWebDriver.execute(RemoteWebDriver.java:635)
	at org.openqa.selenium.remote.RemoteWebDriver.findElement(RemoteWebDriver.java:368)
	at org.openqa.selenium.remote.RemoteWebDriver.findElementByXPath(RemoteWebDriver.java:473)
	at org.openqa.selenium.By$ByXPath.findElement(By.java:361)
	at org.openqa.selenium.remote.RemoteWebDriver.findElement(RemoteWebDriver.java:360)
	at com.hright.test.LeaveBalanceTest.VerifyBalance(LeaveBalanceTest.java:34)
... Removed 39 stack frames]]>
    </failure>
  </testcase> <!-- VerifyBalance -->
  <testcase name="Hright" time="2.062" classname="com.hright.test.LoginTest"/>
  <testcase name="screen" time="0.0" classname="com.hright.test.RosterTest">
    <skipped/>
  </testcase> <!-- screen -->
  <testcase name="selectEmpno" time="0.0" classname="com.hright.test.RosterTest">
    <skipped/>
  </testcase> <!-- selectEmpno -->
  <testcase name="updateEmpno" time="0.0" classname="com.hright.test.RosterTest">
    <skipped/>
  </testcase> <!-- updateEmpno -->
</testsuite> <!-- Command line test -->
